{"D:\\test-tasks\\sixt-test\\src\\redux\\shop\\reducer.js": {"path":"D:\\test-tasks\\sixt-test\\src\\redux\\shop\\reducer.js","statementMap":{"0":{"start":{"line":7,"column":29},"end":{"line":11,"column":1}},"1":{"start":{"line":13,"column":27},"end":{"line":35,"column":1}},"2":{"start":{"line":14,"column":2},"end":{"line":34,"column":3}},"3":{"start":{"line":16,"column":6},"end":{"line":19,"column":8}},"4":{"start":{"line":21,"column":6},"end":{"line":25,"column":8}},"5":{"start":{"line":27,"column":6},"end":{"line":31,"column":8}},"6":{"start":{"line":33,"column":6},"end":{"line":33,"column":19}}},"fnMap":{"0":{"name":"(anonymous_0)","decl":{"start":{"line":13,"column":27},"end":{"line":13,"column":28}},"loc":{"start":{"line":13,"column":62},"end":{"line":35,"column":1}},"line":13}},"branchMap":{"0":{"loc":{"start":{"line":13,"column":28},"end":{"line":13,"column":49}},"type":"default-arg","locations":[{"start":{"line":13,"column":36},"end":{"line":13,"column":49}}],"line":13},"1":{"loc":{"start":{"line":14,"column":2},"end":{"line":34,"column":3}},"type":"switch","locations":[{"start":{"line":15,"column":4},"end":{"line":19,"column":8}},{"start":{"line":20,"column":4},"end":{"line":25,"column":8}},{"start":{"line":26,"column":4},"end":{"line":31,"column":8}},{"start":{"line":32,"column":4},"end":{"line":33,"column":19}}],"line":14}},"s":{"0":1,"1":1,"2":4,"3":1,"4":1,"5":1,"6":1},"f":{"0":4},"b":{"0":[0],"1":[1,1,1,1]},"_coverageSchema":"43e27e138ebf9cfc5966b082cf9a028302ed4184","hash":"a05bc58d9fa71336d5ae34d9b4dfddf650c7140e"}
,"D:\\test-tasks\\sixt-test\\src\\redux\\shop\\types.js": {"path":"D:\\test-tasks\\sixt-test\\src\\redux\\shop\\types.js","statementMap":{"0":{"start":{"line":1,"column":38},"end":{"line":1,"column":62}},"1":{"start":{"line":2,"column":40},"end":{"line":2,"column":66}},"2":{"start":{"line":3,"column":38},"end":{"line":3,"column":62}}},"fnMap":{},"branchMap":{},"s":{"0":1,"1":1,"2":1},"f":{},"b":{},"_coverageSchema":"43e27e138ebf9cfc5966b082cf9a028302ed4184","hash":"a75b83fb0080a91c67452631364173ed994c99b8"}
}
