{"D:\\test-tasks\\sixt-test\\src\\components\\Title\\Title.js": {"path":"D:\\test-tasks\\sixt-test\\src\\components\\Title\\Title.js","statementMap":{"0":{"start":{"line":2,"column":14},"end":{"line":2,"column":51}},"1":{"start":{"line":2,"column":32},"end":{"line":2,"column":51}}},"fnMap":{"0":{"name":"(anonymous_0)","decl":{"start":{"line":2,"column":14},"end":{"line":2,"column":15}},"loc":{"start":{"line":2,"column":32},"end":{"line":2,"column":51}},"line":2}},"branchMap":{},"s":{"0":1,"1":1},"f":{"0":1},"b":{},"_coverageSchema":"43e27e138ebf9cfc5966b082cf9a028302ed4184","hash":"da42edeb18a116fd1a58a4275be8e906e9acadfb"}
}
